# JRE version: Java(TM) SE Runtime Environment (8.0_45-b14) (build 1.8.0_45-b14)
# Java VM: Java HotSpot(TM) 64-Bit Server VM (25.45-b02 mixed mode linux-amd64 compressed oops)
Heap:
 PSYoungGen      total 175616K, used 172935K [0x00000000eb300000, 0x00000000f6380000, 0x0000000100000000)
  eden space 173568K, 99% used [0x00000000eb300000,0x00000000f5ba5c70,0x00000000f5c80000)
  from space 2048K, 11% used [0x00000000f5c80000,0x00000000f5cbc010,0x00000000f5e80000)
  to   space 2048K, 0% used [0x00000000f6180000,0x00000000f6180000,0x00000000f6380000)
 ParOldGen       total 210944K, used 123869K [0x00000000c1800000, 0x00000000ce600000, 0x00000000eb300000)
  object space 210944K, 58% used [0x00000000c1800000,0x00000000c90f7570,0x00000000ce600000)
 Metaspace       used 7290K, capacity 7505K, committed 7808K, reserved 1056768K
  class space    used 719K, capacity 787K, committed 896K, reserved 1048576K
GC Heap History (10 events):
Event: 1009.040 GC heap before
{Heap before GC invocations=64 (full 3):
 PSYoungGen      total 165376K, used 165040K [0x00000000eb300000, 0x00000000f5900000, 0x0000000100000000)
  eden space 164864K, 100% used [0x00000000eb300000,0x00000000f5400000,0x00000000f5400000)
  from space 512K, 34% used [0x00000000f5880000,0x00000000f58ac010,0x00000000f5900000)
  to   space 2560K, 0% used [0x00000000f5400000,0x00000000f5400000,0x00000000f5680000)
 ParOldGen       total 210944K, used 123789K [0x00000000c1800000, 0x00000000ce600000, 0x00000000eb300000)
  object space 210944K, 58% used [0x00000000c1800000,0x00000000c90e3570,0x00000000ce600000)
 Metaspace       used 7289K, capacity 7505K, committed 7808K, reserved 1056768K
  class space    used 719K, capacity 787K, committed 896K, reserved 1048576K
Event: 1009.046 GC heap after
Heap after GC invocations=64 (full 3):
 PSYoungGen      total 167424K, used 160K [0x00000000eb300000, 0x00000000f5e00000, 0x0000000100000000)
  eden space 164864K, 0% used [0x00000000eb300000,0x00000000eb300000,0x00000000f5400000)
  from space 2560K, 6% used [0x00000000f5400000,0x00000000f5428000,0x00000000f5680000)
  to   space 2560K, 0% used [0x00000000f5b80000,0x00000000f5b80000,0x00000000f5e00000)
 ParOldGen       total 210944K, used 123805K [0x00000000c1800000, 0x00000000ce600000, 0x00000000eb300000)
  object space 210944K, 58% used [0x00000000c1800000,0x00000000c90e7570,0x00000000ce600000)
 Metaspace       used 7289K, capacity 7505K, committed 7808K, reserved 1056768K
  class space    used 719K, capacity 787K, committed 896K, reserved 1048576K
}
Event: 1021.317 GC heap before
{Heap before GC invocations=65 (full 3):
 PSYoungGen      total 167424K, used 165024K [0x00000000eb300000, 0x00000000f5e00000, 0x0000000100000000)
  eden space 164864K, 100% used [0x00000000eb300000,0x00000000f5400000,0x00000000f5400000)
  from space 2560K, 6% used [0x00000000f5400000,0x00000000f5428000,0x00000000f5680000)
  to   space 2560K, 0% used [0x00000000f5b80000,0x00000000f5b80000,0x00000000f5e00000)
 ParOldGen       total 210944K, used 123805K [0x00000000c1800000, 0x00000000ce600000, 0x00000000eb300000)
  object space 210944K, 58% used [0x00000000c1800000,0x00000000c90e7570,0x00000000ce600000)
 Metaspace       used 7289K, capacity 7505K, committed 7808K, reserved 1056768K
  class space    used 719K, capacity 787K, committed 896K, reserved 1048576K
Event: 1022.400 GC heap after
Heap after GC invocations=65 (full 3):
 PSYoungGen      total 172544K, used 160K [0x00000000eb300000, 0x00000000f5e00000, 0x0000000100000000)
  eden space 169984K, 0% used [0x00000000eb300000,0x00000000eb300000,0x00000000f5900000)
  from space 2560K, 6% used [0x00000000f5b80000,0x00000000f5ba8000,0x00000000f5e00000)
  to   space 2560K, 0% used [0x00000000f5900000,0x00000000f5900000,0x00000000f5b80000)
 ParOldGen       total 210944K, used 123821K [0x00000000c1800000, 0x00000000ce600000, 0x00000000eb300000)
  object space 210944K, 58% used [0x00000000c1800000,0x00000000c90eb570,0x00000000ce600000)
 Metaspace       used 7289K, capacity 7505K, committed 7808K, reserved 1056768K
  class space    used 719K, capacity 787K, committed 896K, reserved 1048576K
}
Event: 1163.774 GC heap before
{Heap before GC invocations=66 (full 3):
 PSYoungGen      total 172544K, used 170144K [0x00000000eb300000, 0x00000000f5e00000, 0x0000000100000000)
  eden space 169984K, 100% used [0x00000000eb300000,0x00000000f5900000,0x00000000f5900000)
  from space 2560K, 6% used [0x00000000f5b80000,0x00000000f5ba8000,0x00000000f5e00000)
  to   space 2560K, 0% used [0x00000000f5900000,0x00000000f5900000,0x00000000f5b80000)
 ParOldGen       total 210944K, used 123821K [0x00000000c1800000, 0x00000000ce600000, 0x00000000eb300000)
  object space 210944K, 58% used [0x00000000c1800000,0x00000000c90eb570,0x00000000ce600000)
 Metaspace       used 7289K, capacity 7505K, committed 7808K, reserved 1056768K
  class space    used 719K, capacity 787K, committed 896K, reserved 1048576K
Event: 1164.261 GC heap after
Heap after GC invocations=66 (full 3):
 PSYoungGen      total 172544K, used 128K [0x00000000eb300000, 0x00000000f6100000, 0x0000000100000000)
  eden space 169984K, 0% used [0x00000000eb300000,0x00000000eb300000,0x00000000f5900000)
  from space 2560K, 5% used [0x00000000f5900000,0x00000000f5920000,0x00000000f5b80000)
  to   space 2048K, 0% used [0x00000000f5f00000,0x00000000f5f00000,0x00000000f6100000)
 ParOldGen       total 210944K, used 123837K [0x00000000c1800000, 0x00000000ce600000, 0x00000000eb300000)
  object space 210944K, 58% used [0x00000000c1800000,0x00000000c90ef570,0x00000000ce600000)
 Metaspace       used 7289K, capacity 7505K, committed 7808K, reserved 1056768K
  class space    used 719K, capacity 787K, committed 896K, reserved 1048576K
}
Event: 1181.386 GC heap before
{Heap before GC invocations=67 (full 3):
 PSYoungGen      total 172544K, used 170112K [0x00000000eb300000, 0x00000000f6100000, 0x0000000100000000)
  eden space 169984K, 100% used [0x00000000eb300000,0x00000000f5900000,0x00000000f5900000)
  from space 2560K, 5% used [0x00000000f5900000,0x00000000f5920000,0x00000000f5b80000)
  to   space 2048K, 0% used [0x00000000f5f00000,0x00000000f5f00000,0x00000000f6100000)
 ParOldGen       total 210944K, used 123837K [0x00000000c1800000, 0x00000000ce600000, 0x00000000eb300000)
  object space 210944K, 58% used [0x00000000c1800000,0x00000000c90ef570,0x00000000ce600000)
 Metaspace       used 7289K, capacity 7505K, committed 7808K, reserved 1056768K
  class space    used 719K, capacity 787K, committed 896K, reserved 1048576K
Event: 1181.562 GC heap after
Heap after GC invocations=67 (full 3):
 PSYoungGen      total 175104K, used 208K [0x00000000eb300000, 0x00000000f6080000, 0x0000000100000000)
  eden space 173568K, 0% used [0x00000000eb300000,0x00000000eb300000,0x00000000f5c80000)
  from space 1536K, 13% used [0x00000000f5f00000,0x00000000f5f34010,0x00000000f6080000)
  to   space 2048K, 0% used [0x00000000f5c80000,0x00000000f5c80000,0x00000000f5e80000)
 ParOldGen       total 210944K, used 123853K [0x00000000c1800000, 0x00000000ce600000, 0x00000000eb300000)
  object space 210944K, 58% used [0x00000000c1800000,0x00000000c90f3570,0x00000000ce600000)
 Metaspace       used 7289K, capacity 7505K, committed 7808K, reserved 1056768K
  class space    used 719K, capacity 787K, committed 896K, reserved 1048576K
}
Event: 1208.450 GC heap before
{Heap before GC invocations=68 (full 3):
 PSYoungGen      total 175104K, used 173776K [0x00000000eb300000, 0x00000000f6080000, 0x0000000100000000)
  eden space 173568K, 100% used [0x00000000eb300000,0x00000000f5c80000,0x00000000f5c80000)
  from space 1536K, 13% used [0x00000000f5f00000,0x00000000f5f34010,0x00000000f6080000)
  to   space 2048K, 0% used [0x00000000f5c80000,0x00000000f5c80000,0x00000000f5e80000)
 ParOldGen       total 210944K, used 123853K [0x00000000c1800000, 0x00000000ce600000, 0x00000000eb300000)
  object space 210944K, 58% used [0x00000000c1800000,0x00000000c90f3570,0x00000000ce600000)
 Metaspace       used 7289K, capacity 7505K, committed 7808K, reserved 1056768K
  class space    used 719K, capacity 787K, committed 896K, reserved 1048576K
Event: 1208.729 GC heap after
Heap after GC invocations=68 (full 3):
 PSYoungGen      total 175616K, used 240K [0x00000000eb300000, 0x00000000f6380000, 0x0000000100000000)
  eden space 173568K, 0% used [0x00000000eb300000,0x00000000eb300000,0x00000000f5c80000)
  from space 2048K, 11% used [0x00000000f5c80000,0x00000000f5cbc010,0x00000000f5e80000)
  to   space 2048K, 0% used [0x00000000f6180000,0x00000000f6180000,0x00000000f6380000)
 ParOldGen       total 210944K, used 123869K [0x00000000c1800000, 0x00000000ce600000, 0x00000000eb300000)
  object space 210944K, 58% used [0x00000000c1800000,0x00000000c90f7570,0x00000000ce600000)
 Metaspace       used 7289K, capacity 7505K, committed 7808K, reserved 1056768K
  class space    used 719K, capacity 787K, committed 896K, reserved 1048576K
}

